[debug] [2023-01-12T03:24:58.081Z] ----------------------------------------------------------------------
[debug] [2023-01-12T03:24:58.083Z] Command:       C:\Program Files\nodejs\node.exe C:\Users\karan\AppData\Roaming\npm\node_modules\firebase-tools\lib\bin\firebase.js hosting:channel:deploy site-next-home-kwac
[debug] [2023-01-12T03:24:58.083Z] CLI Version:   11.20.0
[debug] [2023-01-12T03:24:58.083Z] Platform:      win32
[debug] [2023-01-12T03:24:58.083Z] Node Version:  v16.16.0
[debug] [2023-01-12T03:24:58.084Z] Time:          Wed Jan 11 2023 19:24:58 GMT-0800 (Pacific Standard Time)
[debug] [2023-01-12T03:24:58.084Z] ----------------------------------------------------------------------
[debug] 
[debug] [2023-01-12T03:24:58.139Z] > command requires scopes: ["email","openid","https://www.googleapis.com/auth/cloudplatformprojects.readonly","https://www.googleapis.com/auth/firebase","https://www.googleapis.com/auth/cloud-platform"]
[debug] [2023-01-12T03:24:58.140Z] > authorizing via signed-in user (aryan.karani2005@gmail.com)
[debug] [2023-01-12T03:24:58.140Z] [iam] checking project aryankarani-personal-website for permissions ["firebase.projects.get","firebasehosting.sites.update"]
[debug] [2023-01-12T03:24:58.142Z] >>> [apiv2][query] POST https://cloudresourcemanager.googleapis.com/v1/projects/aryankarani-personal-website:testIamPermissions [none]
[debug] [2023-01-12T03:24:58.142Z] >>> [apiv2][(partial)header] POST https://cloudresourcemanager.googleapis.com/v1/projects/aryankarani-personal-website:testIamPermissions x-goog-quota-user=projects/aryankarani-personal-website
[debug] [2023-01-12T03:24:58.142Z] >>> [apiv2][body] POST https://cloudresourcemanager.googleapis.com/v1/projects/aryankarani-personal-website:testIamPermissions {"permissions":["firebase.projects.get","firebasehosting.sites.update"]}
[debug] [2023-01-12T03:24:58.452Z] <<< [apiv2][status] POST https://cloudresourcemanager.googleapis.com/v1/projects/aryankarani-personal-website:testIamPermissions 200
[debug] [2023-01-12T03:24:58.452Z] <<< [apiv2][body] POST https://cloudresourcemanager.googleapis.com/v1/projects/aryankarani-personal-website:testIamPermissions {"permissions":["firebase.projects.get","firebasehosting.sites.update"]}
[debug] [2023-01-12T03:24:58.453Z] >>> [apiv2][query] GET https://firebase.googleapis.com/v1beta1/projects/aryankarani-personal-website [none]
[debug] [2023-01-12T03:24:58.968Z] <<< [apiv2][status] GET https://firebase.googleapis.com/v1beta1/projects/aryankarani-personal-website 200
[debug] [2023-01-12T03:24:58.968Z] <<< [apiv2][body] GET https://firebase.googleapis.com/v1beta1/projects/aryankarani-personal-website {"projectId":"aryankarani-personal-website","projectNumber":"292808428672","displayName":"aryankarani-personal-website","name":"projects/aryankarani-personal-website","resources":{"hostingSite":"aryankarani-personal-website","realtimeDatabaseInstance":"aryankarani-personal-website-default-rtdb","storageBucket":"aryankarani-personal-website.appspot.com","locationId":"us-central"},"state":"ACTIVE","etag":"1_7bbcacfb-3321-4571-aa68-253178432c1c"}
[debug] [2023-01-12T03:24:58.969Z] >>> [apiv2][query] GET https://firebasehosting.googleapis.com/v1beta1/projects/aryankarani-personal-website/sites/aryankarani-personal-website/channels/site-next-home-kwac [none]
[debug] [2023-01-12T03:24:59.546Z] <<< [apiv2][status] GET https://firebasehosting.googleapis.com/v1beta1/projects/aryankarani-personal-website/sites/aryankarani-personal-website/channels/site-next-home-kwac 200
[debug] [2023-01-12T03:24:59.546Z] <<< [apiv2][body] GET https://firebasehosting.googleapis.com/v1beta1/projects/aryankarani-personal-website/sites/aryankarani-personal-website/channels/site-next-home-kwac {"name":"projects/aryankarani-personal-website/sites/aryankarani-personal-website/channels/site-next-home-kwac","url":"https://aryankarani-personal-website--site-next-home-kwac-1u96j1jk.web.app","createTime":"2023-01-12T01:43:25.449044189Z","updateTime":"2023-01-12T03:22:33.492260197Z","retainedReleaseCount":10,"expireTime":"2023-01-19T03:22:33.492260197Z"}
[debug] [2023-01-12T03:24:59.546Z] [hosting] found existing channel for site aryankarani-personal-website {"name":"projects/aryankarani-personal-website/sites/aryankarani-personal-website/channels/site-next-home-kwac","url":"https://aryankarani-personal-website--site-next-home-kwac-1u96j1jk.web.app","createTime":"2023-01-12T01:43:25.449044189Z","updateTime":"2023-01-12T03:22:33.492260197Z","retainedReleaseCount":10,"expireTime":"2023-01-19T03:22:33.492260197Z"}
[debug] [2023-01-12T03:24:59.546Z] >>> [apiv2][query] PATCH https://firebasehosting.googleapis.com/v1beta1/projects/aryankarani-personal-website/sites/aryankarani-personal-website/channels/site-next-home-kwac updateMask=ttl
[debug] [2023-01-12T03:24:59.546Z] >>> [apiv2][body] PATCH https://firebasehosting.googleapis.com/v1beta1/projects/aryankarani-personal-website/sites/aryankarani-personal-website/channels/site-next-home-kwac {"ttl":"604800s"}
[debug] [2023-01-12T03:25:00.160Z] <<< [apiv2][status] PATCH https://firebasehosting.googleapis.com/v1beta1/projects/aryankarani-personal-website/sites/aryankarani-personal-website/channels/site-next-home-kwac 200
[debug] [2023-01-12T03:25:00.160Z] <<< [apiv2][body] PATCH https://firebasehosting.googleapis.com/v1beta1/projects/aryankarani-personal-website/sites/aryankarani-personal-website/channels/site-next-home-kwac {"name":"projects/aryankarani-personal-website/sites/aryankarani-personal-website/channels/site-next-home-kwac","url":"https://aryankarani-personal-website--site-next-home-kwac-1u96j1jk.web.app","createTime":"2023-01-12T01:43:25.449044189Z","updateTime":"2023-01-12T03:24:58.803435964Z","retainedReleaseCount":10,"expireTime":"2023-01-19T03:24:58.803435964Z"}
[debug] [2023-01-12T03:25:00.160Z] [hosting] updated TTL for existing channel for site aryankarani-personal-website {"name":"projects/aryankarani-personal-website/sites/aryankarani-personal-website/channels/site-next-home-kwac","url":"https://aryankarani-personal-website--site-next-home-kwac-1u96j1jk.web.app","createTime":"2023-01-12T01:43:25.449044189Z","updateTime":"2023-01-12T03:24:58.803435964Z","retainedReleaseCount":10,"expireTime":"2023-01-19T03:24:58.803435964Z"}
[debug] [2023-01-12T03:25:02.277Z] >>> [apiv2][query] GET https://firebasehosting.googleapis.com/v1beta1/projects/aryankarani-personal-website/sites pageToken=&pageSize=10
[debug] [2023-01-12T03:25:02.961Z] <<< [apiv2][status] GET https://firebasehosting.googleapis.com/v1beta1/projects/aryankarani-personal-website/sites 200
[debug] [2023-01-12T03:25:02.961Z] <<< [apiv2][body] GET https://firebasehosting.googleapis.com/v1beta1/projects/aryankarani-personal-website/sites {"sites":[{"name":"projects/aryankarani-personal-website/sites/aryankarani-personal-website","defaultUrl":"https://aryankarani-personal-website.web.app","type":"DEFAULT_SITE"}]}
[debug] [2023-01-12T03:25:02.962Z] >>> [apiv2][query] GET https://firebasehosting.googleapis.com/v1beta1/projects/aryankarani-personal-website/sites 
[debug] [2023-01-12T03:25:03.563Z] <<< [apiv2][status] GET https://firebasehosting.googleapis.com/v1beta1/projects/aryankarani-personal-website/sites 200
[debug] [2023-01-12T03:25:03.563Z] <<< [apiv2][body] GET https://firebasehosting.googleapis.com/v1beta1/projects/aryankarani-personal-website/sites {"sites":[{"name":"projects/aryankarani-personal-website/sites/aryankarani-personal-website","defaultUrl":"https://aryankarani-personal-website.web.app","type":"DEFAULT_SITE"}]}
[debug] [2023-01-12T03:25:03.563Z] >>> [apiv2][query] GET https://firebase.googleapis.com/v1beta1/projects/aryankarani-personal-website/webApps/-/config [none]
[debug] [2023-01-12T03:25:04.137Z] <<< [apiv2][status] GET https://firebase.googleapis.com/v1beta1/projects/aryankarani-personal-website/webApps/-/config 200
[debug] [2023-01-12T03:25:04.137Z] <<< [apiv2][body] GET https://firebase.googleapis.com/v1beta1/projects/aryankarani-personal-website/webApps/-/config {"projectId":"aryankarani-personal-website","appId":"1:292808428672:web:8753e910d4f77c33562a65","databaseURL":"https://aryankarani-personal-website-default-rtdb.firebaseio.com","storageBucket":"aryankarani-personal-website.appspot.com","locationId":"us-central","apiKey":"AIzaSyBLHv0uncWD5o_ckfEwYffaxYDKDOnitUE","authDomain":"aryankarani-personal-website.firebaseapp.com","messagingSenderId":"292808428672","measurementId":"G-28TH9EM2ZV"}
[debug] [2023-01-12T03:25:15.207Z] TypeError: Cannot read properties of null (reading 'toString')
    at ɵcodegenFunctionsDirectory (C:\Users\karan\AppData\Roaming\npm\node_modules\firebase-tools\lib\frameworks\next\index.js:220:18)
    at async prepareFrameworks (C:\Users\karan\AppData\Roaming\npm\node_modules\firebase-tools\lib\frameworks\index.js:305:84)
    at async deploy (C:\Users\karan\AppData\Roaming\npm\node_modules\firebase-tools\lib\deploy\index.js:53:13)
    at async Command.actionFn (C:\Users\karan\AppData\Roaming\npm\node_modules\firebase-tools\lib\commands\hosting-channel-deploy.js:86:25)
[error] 
[error] Error: An unexpected error has occurred.
